<?xml version="1.0" encoding="UTF-8"?>
<!-- Generated by org.testng.reporters.JUnitReportReporter -->
<testsuite skipped="0" hostname="DESKTOP-Q4U8KQV" name="Banking.DebitCards.App" tests="1" failures="0" timestamp="24 Dec 2018 18:05:10 GMT" time="42.351" errors="0">
  <testcase name="mani" time="42.351" classname="Banking.DebitCards.App"/>
</testsuite> <!-- Banking.DebitCards.App -->
