<?xml version="1.0" encoding="UTF-8"?>
<!-- Generated by org.testng.reporters.JUnitReportReporter -->
<testsuite skipped="0" hostname="DESKTOP-Q4U8KQV" name="AndroidApp.App" tests="1" failures="0" timestamp="27 Dec 2018 14:35:10 GMT" time="19.434" errors="0">
  <testcase name="mani" time="19.434" classname="AndroidApp.App"/>
</testsuite> <!-- AndroidApp.App -->
