<?xml version="1.0" encoding="UTF-8"?>
<!-- Generated by org.testng.reporters.JUnitReportReporter -->
<testsuite skipped="0" hostname="DESKTOP-Q4U8KQV" name="Banking.DebitCards.Browser" tests="1" failures="0" timestamp="22 Dec 2018 11:10:57 GMT" time="0.004" errors="0">
  <testcase name="browse" time="0.004" classname="Banking.DebitCards.Browser"/>
</testsuite> <!-- Banking.DebitCards.Browser -->
