<?xml version="1.0" encoding="UTF-8"?>
<!-- Generated by org.testng.reporters.JUnitReportReporter -->
<testsuite skipped="0" hostname="DESKTOP-Q4U8KQV" name="AndroidBrowser.App" tests="1" failures="0" timestamp="24 Dec 2018 18:06:31 GMT" time="28.458" errors="0">
  <testcase name="mani" time="28.458" classname="AndroidBrowser.App"/>
</testsuite> <!-- AndroidBrowser.App -->
