<?xml version="1.0" encoding="UTF-8"?>
<!-- Generated by org.testng.reporters.JUnitReportReporter -->
<testsuite hostname="DESKTOP-Q4U8KQV" name="AndroidApp.App" tests="1" failures="0" timestamp="27 Dec 2018 16:31:56 GMT" time="33.568" errors="0">
  <testcase name="mani" time="33.568" classname="AndroidApp.App"/>
</testsuite> <!-- AndroidApp.App -->
